<?xml version="1.0" encoding="UTF-8"?>
<coverage generated="1695324960763" clover="3.2.0">
  <project timestamp="1695324960764" name="All files">
    <metrics statements="27" coveredstatements="25" conditionals="4" coveredconditionals="3" methods="11" coveredmethods="10" elements="42" coveredelements="38" complexity="0" loc="27" ncloc="27" packages="2" files="6" classes="6"/>
    <package name="test_driven_development">
      <metrics statements="25" coveredstatements="23" conditionals="4" coveredconditionals="3" methods="10" coveredmethods="9"/>
      <file name="analyzeArray.js" path="C:\Users\Cyrus\Documents\projects\test_driven_development\analyzeArray.js">
        <metrics statements="9" coveredstatements="9" conditionals="0" coveredconditionals="0" methods="3" coveredmethods="3"/>
        <line num="1" count="1" type="stmt"/>
        <line num="4" count="1" type="stmt"/>
        <line num="7" count="1" type="stmt"/>
        <line num="8" count="4" type="stmt"/>
        <line num="10" count="1" type="stmt"/>
        <line num="11" count="1" type="stmt"/>
        <line num="14" count="1" type="stmt"/>
        <line num="15" count="1" type="stmt"/>
        <line num="19" count="1" type="stmt"/>
      </file>
      <file name="calculator.js" path="C:\Users\Cyrus\Documents\projects\test_driven_development\calculator.js">
        <metrics statements="8" coveredstatements="7" conditionals="2" coveredconditionals="1" methods="4" coveredmethods="4"/>
        <line num="1" count="1" type="stmt"/>
        <line num="3" count="1" type="stmt"/>
        <line num="6" count="1" type="stmt"/>
        <line num="9" count="1" type="cond" truecount="1" falsecount="1"/>
        <line num="10" count="0" type="stmt"/>
        <line num="12" count="1" type="stmt"/>
        <line num="15" count="1" type="stmt"/>
        <line num="18" count="1" type="stmt"/>
      </file>
      <file name="capitalize.js" path="C:\Users\Cyrus\Documents\projects\test_driven_development\capitalize.js">
        <metrics statements="4" coveredstatements="4" conditionals="2" coveredconditionals="2" methods="1" coveredmethods="1"/>
        <line num="2" count="4" type="cond" truecount="2" falsecount="0"/>
        <line num="3" count="1" type="stmt"/>
        <line num="5" count="3" type="stmt"/>
        <line num="8" count="1" type="stmt"/>
      </file>
      <file name="subtract.js" path="C:\Users\Cyrus\Documents\projects\test_driven_development\subtract.js">
        <metrics statements="2" coveredstatements="1" conditionals="0" coveredconditionals="0" methods="1" coveredmethods="0"/>
        <line num="2" count="0" type="stmt"/>
        <line num="4" count="1" type="stmt"/>
      </file>
      <file name="sum.js" path="C:\Users\Cyrus\Documents\projects\test_driven_development\sum.js">
        <metrics statements="2" coveredstatements="2" conditionals="0" coveredconditionals="0" methods="1" coveredmethods="1"/>
        <line num="2" count="1" type="stmt"/>
        <line num="4" count="1" type="stmt"/>
      </file>
    </package>
    <package name="test_driven_development.coverage">
      <metrics statements="2" coveredstatements="2" conditionals="0" coveredconditionals="0" methods="1" coveredmethods="1"/>
      <file name="reverseString.js" path="C:\Users\Cyrus\Documents\projects\test_driven_development\coverage\reverseString.js">
        <metrics statements="2" coveredstatements="2" conditionals="0" coveredconditionals="0" methods="1" coveredmethods="1"/>
        <line num="2" count="4" type="stmt"/>
        <line num="5" count="1" type="stmt"/>
      </file>
    </package>
  </project>
</coverage>
