{"C:\\Users\\Cyrus\\Documents\\projects\\test_driven_development\\capitalize.js": {"path":"C:\\Users\\Cyrus\\Documents\\projects\\test_driven_development\\capitalize.js","statementMap":{"0":{"start":{"line":2,"column":4},"end":{"line":4,"column":5}},"1":{"start":{"line":3,"column":6},"end":{"line":3,"column":17}},"2":{"start":{"line":5,"column":4},"end":{"line":5,"column":54}},"3":{"start":{"line":8,"column":2},"end":{"line":8,"column":30}}},"fnMap":{"0":{"name":"capitalize","decl":{"start":{"line":1,"column":9},"end":{"line":1,"column":19}},"loc":{"start":{"line":1,"column":25},"end":{"line":6,"column":3}},"line":1}},"branchMap":{"0":{"loc":{"start":{"line":2,"column":4},"end":{"line":4,"column":5}},"type":"if","locations":[{"start":{"line":2,"column":4},"end":{"line":4,"column":5}},{"start":{},"end":{}}],"line":2}},"s":{"0":4,"1":1,"2":3,"3":1},"f":{"0":4},"b":{"0":[1,3]},"_coverageSchema":"1a1c01bbd47fc00a2c39e90264f33305004495a9","hash":"5ee9a07b51265a87ff063cb47c3891a1d680085f"}
,"C:\\Users\\Cyrus\\Documents\\projects\\test_driven_development\\subtract.js": {"path":"C:\\Users\\Cyrus\\Documents\\projects\\test_driven_development\\subtract.js","statementMap":{"0":{"start":{"line":2,"column":4},"end":{"line":2,"column":17}},"1":{"start":{"line":4,"column":2},"end":{"line":4,"column":28}}},"fnMap":{"0":{"name":"subtract","decl":{"start":{"line":1,"column":9},"end":{"line":1,"column":17}},"loc":{"start":{"line":1,"column":24},"end":{"line":3,"column":3}},"line":1}},"branchMap":{},"s":{"0":0,"1":1},"f":{"0":0},"b":{},"_coverageSchema":"1a1c01bbd47fc00a2c39e90264f33305004495a9","hash":"1c6d540116b98cae8731bc8f7e75bd666edb613e"}
,"C:\\Users\\Cyrus\\Documents\\projects\\test_driven_development\\sum.js": {"path":"C:\\Users\\Cyrus\\Documents\\projects\\test_driven_development\\sum.js","statementMap":{"0":{"start":{"line":2,"column":4},"end":{"line":2,"column":17}},"1":{"start":{"line":4,"column":2},"end":{"line":4,"column":23}}},"fnMap":{"0":{"name":"sum","decl":{"start":{"line":1,"column":9},"end":{"line":1,"column":12}},"loc":{"start":{"line":1,"column":19},"end":{"line":3,"column":3}},"line":1}},"branchMap":{},"s":{"0":1,"1":1},"f":{"0":1},"b":{},"_coverageSchema":"1a1c01bbd47fc00a2c39e90264f33305004495a9","hash":"d56a677fab1eaf1993d4ccbf6fcd8fb329955409"}
,"C:\\Users\\Cyrus\\Documents\\projects\\test_driven_development\\coverage\\reverseString.js": {"path":"C:\\Users\\Cyrus\\Documents\\projects\\test_driven_development\\coverage\\reverseString.js","statementMap":{"0":{"start":{"line":2,"column":4},"end":{"line":2,"column":44}},"1":{"start":{"line":5,"column":0},"end":{"line":5,"column":31}}},"fnMap":{"0":{"name":"reverseString","decl":{"start":{"line":1,"column":9},"end":{"line":1,"column":22}},"loc":{"start":{"line":1,"column":27},"end":{"line":3,"column":1}},"line":1}},"branchMap":{},"s":{"0":4,"1":1},"f":{"0":4},"b":{},"_coverageSchema":"1a1c01bbd47fc00a2c39e90264f33305004495a9","hash":"54c9d12309839e1aea791e7ab1a85496b8936490"}
}
