TN:
SF:analyzeArray.js
FN:5,(anonymous_0)
FN:7,(anonymous_1)
FN:13,(anonymous_2)
FNF:3
FNH:3
FNDA:1,(anonymous_0)
FNDA:4,(anonymous_1)
FNDA:1,(anonymous_2)
DA:1,1
DA:4,1
DA:7,1
DA:8,4
DA:10,1
DA:11,1
DA:14,1
DA:15,1
DA:19,1
LF:9
LH:9
BRF:0
BRH:0
end_of_record
TN:
SF:calculator.js
FN:2,(anonymous_0)
FN:5,(anonymous_1)
FN:8,(anonymous_2)
FN:14,(anonymous_3)
FNF:4
FNH:4
FNDA:1,(anonymous_0)
FNDA:1,(anonymous_1)
FNDA:1,(anonymous_2)
FNDA:1,(anonymous_3)
DA:1,1
DA:3,1
DA:6,1
DA:9,1
DA:10,0
DA:12,1
DA:15,1
DA:18,1
LF:8
LH:7
BRDA:9,0,0,0
BRDA:9,0,1,1
BRF:2
BRH:1
end_of_record
TN:
SF:capitalize.js
FN:1,capitalize
FNF:1
FNH:1
FNDA:4,capitalize
DA:2,4
DA:3,1
DA:5,3
DA:8,1
LF:4
LH:4
BRDA:2,0,0,1
BRDA:2,0,1,3
BRF:2
BRH:2
end_of_record
TN:
SF:subtract.js
FN:1,subtract
FNF:1
FNH:0
FNDA:0,subtract
DA:2,0
DA:4,1
LF:2
LH:1
BRF:0
BRH:0
end_of_record
TN:
SF:sum.js
FN:1,sum
FNF:1
FNH:1
FNDA:1,sum
DA:2,1
DA:4,1
LF:2
LH:2
BRF:0
BRH:0
end_of_record
TN:
SF:coverage\reverseString.js
FN:1,reverseString
FNF:1
FNH:1
FNDA:4,reverseString
DA:2,4
DA:5,1
LF:2
LH:2
BRF:0
BRH:0
end_of_record
